{"meta": {"format": 3, "version": "7.13.1", "timestamp": "2026-01-11T16:48:24.165332", "branch_coverage": false, "show_contexts": false}, "files": {"src/golden_thread/__init__.py": {"executed_lines": [8, 11, 13, 16, 18, 21, 23, 26, 28, 31, 33, 36, 38, 42, 61, 76, 94], "summary": {"covered_lines": 17, "num_statements": 17, "percent_covered": 100.0, "percent_covered_display": "100", "missing_lines": 0, "excluded_lines": 0, "percent_statements_covered": 100.0, "percent_statements_covered_display": "100"}, "missing_lines": [], "excluded_lines": [], "functions": {"": {"executed_lines": [8, 11, 13, 16, 18, 21, 23, 26, 28, 31, 33, 36, 38, 42, 61, 76, 94], "summary": {"covered_lines": 17, "num_statements": 17, "percent_covered": 100.0, "percent_covered_display": "100", "missing_lines": 0, "excluded_lines": 0, "percent_statements_covered": 100.0, "percent_statements_covered_display": "100"}, "missing_lines": [], "excluded_lines": [], "start_line": 1}}, "classes": {"GoldenThreadError": {"executed_lines": [], "summary": {"covered_lines": 0, "num_statements": 0, "percent_covered": 100.0, "percent_covered_display": "100", "missing_lines": 0, "excluded_lines": 0, "percent_statements_covered": 100.0, "percent_statements_covered_display": "100"}, "missing_lines": [], "excluded_lines": [], "start_line": 11}, "ManifestError": {"executed_lines": [], "summary": {"covered_lines": 0, "num_statements": 0, "percent_covered": 100.0, "percent_covered_display": "100", "missing_lines": 0, "excluded_lines": 0, "percent_statements_covered": 100.0, "percent_statements_covered_display": "100"}, "missing_lines": [], "excluded_lines": [], "start_line": 16}, "ParserError": {"executed_lines": [], "summary": {"covered_lines": 0, "num_statements": 0, "percent_covered": 100.0, "percent_covered_display": "100", "missing_lines": 0, "excluded_lines": 0, "percent_statements_covered": 100.0, "percent_statements_covered_display": "100"}, "missing_lines": [], "excluded_lines": [], "start_line": 21}, "NotionError": {"executed_lines": [], "summary": {"covered_lines": 0, "num_statements": 0, "percent_covered": 100.0, "percent_covered_display": "100", "missing_lines": 0, "excluded_lines": 0, "percent_statements_covered": 100.0, "percent_statements_covered_display": "100"}, "missing_lines": [], "excluded_lines": [], "start_line": 26}, "ValidationError": {"executed_lines": [], "summary": {"covered_lines": 0, "num_statements": 0, "percent_covered": 100.0, "percent_covered_display": "100", "missing_lines": 0, "excluded_lines": 0, "percent_statements_covered": 100.0, "percent_statements_covered_display": "100"}, "missing_lines": [], "excluded_lines": [], "start_line": 31}, "ConfigError": {"executed_lines": [], "summary": {"covered_lines": 0, "num_statements": 0, "percent_covered": 100.0, "percent_covered_display": "100", "missing_lines": 0, "excluded_lines": 0, "percent_statements_covered": 100.0, "percent_statements_covered_display": "100"}, "missing_lines": [], "excluded_lines": [], "start_line": 36}, "": {"executed_lines": [8, 11, 13, 16, 18, 21, 23, 26, 28, 31, 33, 36, 38, 42, 61, 76, 94], "summary": {"covered_lines": 17, "num_statements": 17, "percent_covered": 100.0, "percent_covered_display": "100", "missing_lines": 0, "excluded_lines": 0, "percent_statements_covered": 100.0, "percent_statements_covered_display": "100"}, "missing_lines": [], "excluded_lines": [], "start_line": 1}}}, "src/golden_thread/cli.py": {"executed_lines": [], "summary": {"covered_lines": 0, "num_statements": 186, "percent_covered": 0.0, "percent_covered_display": "0", "missing_lines": 186, "excluded_lines": 0, "percent_statements_covered": 0.0, "percent_statements_covered_display": "0"}, "missing_lines": [3, 4, 5, 7, 8, 9, 11, 12, 13, 14, 15, 16, 17, 18, 19, 20, 21, 22, 24, 27, 28, 29, 31, 34, 35, 36, 37, 43, 44, 49, 57, 59, 61, 62, 63, 64, 65, 66, 67, 68, 70, 71, 74, 75, 76, 77, 80, 82, 83, 84, 85, 86, 89, 90, 93, 94, 96, 97, 99, 101, 102, 103, 106, 107, 113, 118, 119, 121, 123, 126, 127, 130, 133, 134, 135, 136, 138, 141, 142, 145, 146, 149, 150, 151, 152, 154, 156, 157, 166, 168, 170, 171, 172, 175, 177, 178, 180, 181, 182, 183, 186, 187, 189, 192, 194, 197, 198, 201, 204, 205, 208, 209, 211, 212, 215, 216, 218, 231, 233, 236, 237, 238, 241, 242, 243, 246, 247, 248, 250, 253, 255, 256, 257, 258, 259, 262, 263, 265, 268, 271, 272, 273, 274, 276, 277, 280, 281, 282, 283, 285, 286, 289, 291, 294, 295, 296, 298, 299, 301, 302, 305, 306, 307, 309, 310, 312, 313, 316, 317, 318, 319, 320, 323, 325, 337, 338, 339, 340, 341, 342, 343, 346, 347, 351, 354, 355], "excluded_lines": [], "functions": {"cli": {"executed_lines": [], "summary": {"covered_lines": 0, "num_statements": 1, "percent_covered": 0.0, "percent_covered_display": "0", "missing_lines": 1, "excluded_lines": 0, "percent_statements_covered": 0.0, "percent_statements_covered_display": "0"}, "missing_lines": [31], "excluded_lines": [], "start_line": 29}, "validate": {"executed_lines": [], "summary": {"covered_lines": 0, "num_statements": 32, "percent_covered": 0.0, "percent_covered_display": "0", "missing_lines": 32, "excluded_lines": 0, "percent_statements_covered": 0.0, "percent_statements_covered_display": "0"}, "missing_lines": [57, 59, 61, 62, 63, 64, 65, 66, 67, 68, 70, 71, 74, 75, 76, 77, 80, 82, 83, 84, 85, 86, 89, 90, 93, 94, 96, 97, 99, 101, 102, 103], "excluded_lines": [], "start_line": 49}, "orphans": {"executed_lines": [], "summary": {"covered_lines": 0, "num_statements": 26, "percent_covered": 0.0, "percent_covered_display": "0", "missing_lines": 26, "excluded_lines": 0, "percent_statements_covered": 0.0, "percent_statements_covered_display": "0"}, "missing_lines": [121, 123, 126, 127, 130, 133, 134, 135, 136, 138, 141, 142, 145, 146, 149, 150, 151, 152, 154, 156, 157, 166, 168, 170, 171, 172], "excluded_lines": [], "start_line": 119}, "discover_services": {"executed_lines": [], "summary": {"covered_lines": 0, "num_statements": 9, "percent_covered": 0.0, "percent_covered_display": "0", "missing_lines": 9, "excluded_lines": 0, "percent_statements_covered": 0.0, "percent_statements_covered_display": "0"}, "missing_lines": [177, 178, 180, 181, 182, 183, 186, 187, 189], "excluded_lines": [], "start_line": 175}, "validate_service": {"executed_lines": [], "summary": {"covered_lines": 0, "num_statements": 13, "percent_covered": 0.0, "percent_covered_display": "0", "missing_lines": 13, "excluded_lines": 0, "percent_statements_covered": 0.0, "percent_statements_covered_display": "0"}, "missing_lines": [194, 197, 198, 201, 204, 205, 208, 209, 211, 212, 215, 216, 218], "excluded_lines": [], "start_line": 192}, "parse_codebase": {"executed_lines": [], "summary": {"covered_lines": 0, "num_statements": 11, "percent_covered": 0.0, "percent_covered_display": "0", "missing_lines": 11, "excluded_lines": 0, "percent_statements_covered": 0.0, "percent_statements_covered_display": "0"}, "missing_lines": [233, 236, 237, 238, 241, 242, 243, 246, 247, 248, 250], "excluded_lines": [], "start_line": 231}, "display_results": {"executed_lines": [], "summary": {"covered_lines": 0, "num_statements": 21, "percent_covered": 0.0, "percent_covered_display": "0", "missing_lines": 21, "excluded_lines": 0, "percent_statements_covered": 0.0, "percent_statements_covered_display": "0"}, "missing_lines": [255, 256, 257, 258, 259, 262, 263, 265, 268, 271, 272, 273, 274, 276, 277, 280, 281, 282, 283, 285, 286], "excluded_lines": [], "start_line": 253}, "display_orphans": {"executed_lines": [], "summary": {"covered_lines": 0, "num_statements": 20, "percent_covered": 0.0, "percent_covered_display": "0", "missing_lines": 20, "excluded_lines": 0, "percent_statements_covered": 0.0, "percent_statements_covered_display": "0"}, "missing_lines": [291, 294, 295, 296, 298, 299, 301, 302, 305, 306, 307, 309, 310, 312, 313, 316, 317, 318, 319, 320], "excluded_lines": [], "start_line": 289}, "combine_results": {"executed_lines": [], "summary": {"covered_lines": 0, "num_statements": 11, "percent_covered": 0.0, "percent_covered_display": "0", "missing_lines": 11, "excluded_lines": 0, "percent_statements_covered": 0.0, "percent_statements_covered_display": "0"}, "missing_lines": [325, 337, 338, 339, 340, 341, 342, 343, 346, 347, 351], "excluded_lines": [], "start_line": 323}, "": {"executed_lines": [], "summary": {"covered_lines": 0, "num_statements": 42, "percent_covered": 0.0, "percent_covered_display": "0", "missing_lines": 42, "excluded_lines": 0, "percent_statements_covered": 0.0, "percent_statements_covered_display": "0"}, "missing_lines": [3, 4, 5, 7, 8, 9, 11, 12, 13, 14, 15, 16, 17, 18, 19, 20, 21, 22, 24, 27, 28, 29, 34, 35, 36, 37, 43, 44, 49, 106, 107, 113, 118, 119, 175, 192, 231, 253, 289, 323, 354, 355], "excluded_lines": [], "start_line": 1}}, "classes": {"": {"executed_lines": [], "summary": {"covered_lines": 0, "num_statements": 186, "percent_covered": 0.0, "percent_covered_display": "0", "missing_lines": 186, "excluded_lines": 0, "percent_statements_covered": 0.0, "percent_statements_covered_display": "0"}, "missing_lines": [3, 4, 5, 7, 8, 9, 11, 12, 13, 14, 15, 16, 17, 18, 19, 20, 21, 22, 24, 27, 28, 29, 31, 34, 35, 36, 37, 43, 44, 49, 57, 59, 61, 62, 63, 64, 65, 66, 67, 68, 70, 71, 74, 75, 76, 77, 80, 82, 83, 84, 85, 86, 89, 90, 93, 94, 96, 97, 99, 101, 102, 103, 106, 107, 113, 118, 119, 121, 123, 126, 127, 130, 133, 134, 135, 136, 138, 141, 142, 145, 146, 149, 150, 151, 152, 154, 156, 157, 166, 168, 170, 171, 172, 175, 177, 178, 180, 181, 182, 183, 186, 187, 189, 192, 194, 197, 198, 201, 204, 205, 208, 209, 211, 212, 215, 216, 218, 231, 233, 236, 237, 238, 241, 242, 243, 246, 247, 248, 250, 253, 255, 256, 257, 258, 259, 262, 263, 265, 268, 271, 272, 273, 274, 276, 277, 280, 281, 282, 283, 285, 286, 289, 291, 294, 295, 296, 298, 299, 301, 302, 305, 306, 307, 309, 310, 312, 313, 316, 317, 318, 319, 320, 323, 325, 337, 338, 339, 340, 341, 342, 343, 346, 347, 351, 354, 355], "excluded_lines": [], "start_line": 1}}}, "src/golden_thread/config.py": {"executed_lines": [3, 4, 5, 6, 7, 9, 11, 14, 15, 18, 19, 20, 21, 22, 23, 24, 27, 28, 31, 32, 33, 36, 37, 40, 41, 44, 45, 48, 52, 56, 62, 63, 66, 67, 73, 76, 77, 80, 81, 84, 85, 88, 89, 90, 91, 92, 94, 95, 110, 112, 113, 118, 119, 120, 124, 125, 128, 131, 132, 133, 134, 136, 137, 140, 141, 142, 147, 158, 159, 170, 171, 172, 173, 175, 191, 192, 201, 202, 207, 215, 216, 222, 223, 224, 225, 226, 228, 229, 231, 232, 233, 234, 235, 239, 241, 243, 245, 247], "summary": {"covered_lines": 98, "num_statements": 100, "percent_covered": 98.0, "percent_covered_display": "98", "missing_lines": 2, "excluded_lines": 0, "percent_statements_covered": 98.0, "percent_statements_covered_display": "98"}, "missing_lines": [121, 122], "excluded_lines": [], "functions": {"Config.load": {"executed_lines": [110, 112, 113, 118, 119, 120, 124, 125, 128, 131, 132, 133, 134], "summary": {"covered_lines": 13, "num_statements": 15, "percent_covered": 86.66666666666667, "percent_covered_display": "87", "missing_lines": 2, "excluded_lines": 0, "percent_statements_covered": 86.66666666666667, "percent_statements_covered_display": "87"}, "missing_lines": [121, 122], "excluded_lines": [], "start_line": 95}, "Config.from_dict": {"executed_lines": [140, 141, 142, 147, 158, 159, 170, 171, 172, 173, 175, 191, 192, 201, 202, 207], "summary": {"covered_lines": 16, "num_statements": 16, "percent_covered": 100.0, "percent_covered_display": "100", "missing_lines": 0, "excluded_lines": 0, "percent_statements_covered": 100.0, "percent_statements_covered_display": "100"}, "missing_lines": [], "excluded_lines": [], "start_line": 137}, "Config._substitute_env_vars": {"executed_lines": [222, 223, 224, 225, 226, 228, 229, 231, 232, 233, 234, 235, 239, 241, 243], "summary": {"covered_lines": 15, "num_statements": 15, "percent_covered": 100.0, "percent_covered_display": "100", "missing_lines": 0, "excluded_lines": 0, "percent_statements_covered": 100.0, "percent_statements_covered_display": "100"}, "missing_lines": [], "excluded_lines": [], "start_line": 216}, "Config.get_parser_config": {"executed_lines": [247], "summary": {"covered_lines": 1, "num_statements": 1, "percent_covered": 100.0, "percent_covered_display": "100", "missing_lines": 0, "excluded_lines": 0, "percent_statements_covered": 100.0, "percent_statements_covered_display": "100"}, "missing_lines": [], "excluded_lines": [], "start_line": 245}, "": {"executed_lines": [3, 4, 5, 6, 7, 9, 11, 14, 15, 18, 19, 20, 21, 22, 23, 24, 27, 28, 31, 32, 33, 36, 37, 40, 41, 44, 45, 48, 52, 56, 62, 63, 66, 67, 73, 76, 77, 80, 81, 84, 85, 88, 89, 90, 91, 92, 94, 95, 136, 137, 215, 216, 245], "summary": {"covered_lines": 53, "num_statements": 53, "percent_covered": 100.0, "percent_covered_display": "100", "missing_lines": 0, "excluded_lines": 0, "percent_statements_covered": 100.0, "percent_statements_covered_display": "100"}, "missing_lines": [], "excluded_lines": [], "start_line": 1}}, "classes": {"NotionConfig": {"executed_lines": [], "summary": {"covered_lines": 0, "num_statements": 0, "percent_covered": 100.0, "percent_covered_display": "100", "missing_lines": 0, "excluded_lines": 0, "percent_statements_covered": 100.0, "percent_statements_covered_display": "100"}, "missing_lines": [], "excluded_lines": [], "start_line": 15}, "ServicesConfig": {"executed_lines": [], "summary": {"covered_lines": 0, "num_statements": 0, "percent_covered": 100.0, "percent_covered_display": "100", "missing_lines": 0, "excluded_lines": 0, "percent_statements_covered": 100.0, "percent_statements_covered_display": "100"}, "missing_lines": [], "excluded_lines": [], "start_line": 28}, "ParserConfig": {"executed_lines": [], "summary": {"covered_lines": 0, "num_statements": 0, "percent_covered": 100.0, "percent_covered_display": "100", "missing_lines": 0, "excluded_lines": 0, "percent_statements_covered": 100.0, "percent_statements_covered_display": "100"}, "missing_lines": [], "excluded_lines": [], "start_line": 37}, "ParsersConfig": {"executed_lines": [], "summary": {"covered_lines": 0, "num_statements": 0, "percent_covered": 100.0, "percent_covered_display": "100", "missing_lines": 0, "excluded_lines": 0, "percent_statements_covered": 100.0, "percent_statements_covered_display": "100"}, "missing_lines": [], "excluded_lines": [], "start_line": 45}, "ValidationConfig": {"executed_lines": [], "summary": {"covered_lines": 0, "num_statements": 0, "percent_covered": 100.0, "percent_covered_display": "100", "missing_lines": 0, "excluded_lines": 0, "percent_statements_covered": 100.0, "percent_statements_covered_display": "100"}, "missing_lines": [], "excluded_lines": [], "start_line": 63}, "ReportsConfig": {"executed_lines": [], "summary": {"covered_lines": 0, "num_statements": 0, "percent_covered": 100.0, "percent_covered_display": "100", "missing_lines": 0, "excluded_lines": 0, "percent_statements_covered": 100.0, "percent_statements_covered_display": "100"}, "missing_lines": [], "excluded_lines": [], "start_line": 77}, "Config": {"executed_lines": [110, 112, 113, 118, 119, 120, 124, 125, 128, 131, 132, 133, 134, 140, 141, 142, 147, 158, 159, 170, 171, 172, 173, 175, 191, 192, 201, 202, 207, 222, 223, 224, 225, 226, 228, 229, 231, 232, 233, 234, 235, 239, 241, 243, 247], "summary": {"covered_lines": 45, "num_statements": 47, "percent_covered": 95.74468085106383, "percent_covered_display": "96", "missing_lines": 2, "excluded_lines": 0, "percent_statements_covered": 95.74468085106383, "percent_statements_covered_display": "96"}, "missing_lines": [121, 122], "excluded_lines": [], "start_line": 85}, "": {"executed_lines": [3, 4, 5, 6, 7, 9, 11, 14, 15, 18, 19, 20, 21, 22, 23, 24, 27, 28, 31, 32, 33, 36, 37, 40, 41, 44, 45, 48, 52, 56, 62, 63, 66, 67, 73, 76, 77, 80, 81, 84, 85, 88, 89, 90, 91, 92, 94, 95, 136, 137, 215, 216, 245], "summary": {"covered_lines": 53, "num_statements": 53, "percent_covered": 100.0, "percent_covered_display": "100", "missing_lines": 0, "excluded_lines": 0, "percent_statements_covered": 100.0, "percent_statements_covered_display": "100"}, "missing_lines": [], "excluded_lines": [], "start_line": 1}}}, "src/golden_thread/manifest.py": {"executed_lines": [3, 4, 5, 7, 9, 12, 13, 16, 17, 18, 20, 21, 23, 25, 26, 28, 30, 31, 33, 36, 37, 40, 41, 42, 43, 44, 47, 48, 51, 52, 53, 54, 55, 56, 57, 60, 61, 64, 65, 66, 69, 70, 73, 74, 77, 78, 81, 82, 83, 84, 85, 86, 87, 88, 90, 91, 104, 106, 107, 112, 113, 114, 118, 119, 121, 122, 123, 124, 126, 127, 130, 131, 132, 133, 135, 136, 137, 140, 143, 144, 145, 146, 155, 156, 157, 158, 159, 160, 162, 165, 172, 173, 174, 186, 187, 188, 189, 196, 197, 202, 213, 223, 224, 225, 226, 228, 235, 238, 239, 240, 241, 244, 246, 247, 250, 251, 252, 253, 254, 258, 267, 268, 269, 270, 271, 273, 275, 277, 279, 289], "summary": {"covered_lines": 130, "num_statements": 141, "percent_covered": 92.19858156028369, "percent_covered_display": "92", "missing_lines": 11, "excluded_lines": 0, "percent_statements_covered": 92.19858156028369, "percent_statements_covered_display": "92"}, "missing_lines": [115, 116, 161, 163, 175, 255, 259, 260, 262, 263, 264], "excluded_lines": [], "functions": {"SymbolMapping.file_path": {"executed_lines": [23], "summary": {"covered_lines": 1, "num_statements": 1, "percent_covered": 100.0, "percent_covered_display": "100", "missing_lines": 0, "excluded_lines": 0, "percent_statements_covered": 100.0, "percent_statements_covered_display": "100"}, "missing_lines": [], "excluded_lines": [], "start_line": 21}, "SymbolMapping.symbol_name": {"executed_lines": [28], "summary": {"covered_lines": 1, "num_statements": 1, "percent_covered": 100.0, "percent_covered_display": "100", "missing_lines": 0, "excluded_lines": 0, "percent_statements_covered": 100.0, "percent_statements_covered_display": "100"}, "missing_lines": [], "excluded_lines": [], "start_line": 26}, "SymbolMapping.qualified_path": {"executed_lines": [33], "summary": {"covered_lines": 1, "num_statements": 1, "percent_covered": 100.0, "percent_covered_display": "100", "missing_lines": 0, "excluded_lines": 0, "percent_statements_covered": 100.0, "percent_statements_covered_display": "100"}, "missing_lines": [], "excluded_lines": [], "start_line": 31}, "Manifest.load": {"executed_lines": [104, 106, 107, 112, 113, 114, 118, 119, 121, 122, 123, 124], "summary": {"covered_lines": 12, "num_statements": 14, "percent_covered": 85.71428571428571, "percent_covered_display": "86", "missing_lines": 2, "excluded_lines": 0, "percent_statements_covered": 85.71428571428571, "percent_statements_covered_display": "86"}, "missing_lines": [115, 116], "excluded_lines": [], "start_line": 91}, "Manifest.from_dict": {"executed_lines": [130, 131, 132, 133, 135, 136, 137, 140, 143, 144, 145, 146, 155, 156, 157, 158, 159, 160, 162, 165, 172, 173, 174, 186, 187, 188, 189, 196, 197, 202], "summary": {"covered_lines": 30, "num_statements": 33, "percent_covered": 90.9090909090909, "percent_covered_display": "91", "missing_lines": 3, "excluded_lines": 0, "percent_statements_covered": 90.9090909090909, "percent_statements_covered_display": "91"}, "missing_lines": [161, 163, 175], "excluded_lines": [], "start_line": 127}, "Manifest.get_ids_for_symbol": {"executed_lines": [223, 224, 225, 226], "summary": {"covered_lines": 4, "num_statements": 4, "percent_covered": 100.0, "percent_covered_display": "100", "missing_lines": 0, "excluded_lines": 0, "percent_statements_covered": 100.0, "percent_statements_covered_display": "100"}, "missing_lines": [], "excluded_lines": [], "start_line": 213}, "Manifest.get_all_referenced_ids": {"executed_lines": [235, 238, 239, 240, 241, 244, 246, 247, 250, 251, 252, 253, 254, 258, 267, 268, 269, 270, 271, 273], "summary": {"covered_lines": 20, "num_statements": 26, "percent_covered": 76.92307692307692, "percent_covered_display": "77", "missing_lines": 6, "excluded_lines": 0, "percent_statements_covered": 76.92307692307692, "percent_statements_covered_display": "77"}, "missing_lines": [255, 259, 260, 262, 263, 264], "excluded_lines": [], "start_line": 228}, "Manifest.get_symbol_paths": {"executed_lines": [277], "summary": {"covered_lines": 1, "num_statements": 1, "percent_covered": 100.0, "percent_covered_display": "100", "missing_lines": 0, "excluded_lines": 0, "percent_statements_covered": 100.0, "percent_statements_covered_display": "100"}, "missing_lines": [], "excluded_lines": [], "start_line": 275}, "Manifest.is_excluded": {"executed_lines": [289], "summary": {"covered_lines": 1, "num_statements": 1, "percent_covered": 100.0, "percent_covered_display": "100", "missing_lines": 0, "excluded_lines": 0, "percent_statements_covered": 100.0, "percent_statements_covered_display": "100"}, "missing_lines": [], "excluded_lines": [], "start_line": 279}, "": {"executed_lines": [3, 4, 5, 7, 9, 12, 13, 16, 17, 18, 20, 21, 25, 26, 30, 31, 36, 37, 40, 41, 42, 43, 44, 47, 48, 51, 52, 53, 54, 55, 56, 57, 60, 61, 64, 65, 66, 69, 70, 73, 74, 77, 78, 81, 82, 83, 84, 85, 86, 87, 88, 90, 91, 126, 127, 213, 228, 275, 279], "summary": {"covered_lines": 59, "num_statements": 59, "percent_covered": 100.0, "percent_covered_display": "100", "missing_lines": 0, "excluded_lines": 0, "percent_statements_covered": 100.0, "percent_statements_covered_display": "100"}, "missing_lines": [], "excluded_lines": [], "start_line": 1}}, "classes": {"SymbolMapping": {"executed_lines": [23, 28, 33], "summary": {"covered_lines": 3, "num_statements": 3, "percent_covered": 100.0, "percent_covered_display": "100", "missing_lines": 0, "excluded_lines": 0, "percent_statements_covered": 100.0, "percent_statements_covered_display": "100"}, "missing_lines": [], "excluded_lines": [], "start_line": 13}, "FeatureMapping": {"executed_lines": [], "summary": {"covered_lines": 0, "num_statements": 0, "percent_covered": 100.0, "percent_covered_display": "100", "missing_lines": 0, "excluded_lines": 0, "percent_statements_covered": 100.0, "percent_statements_covered_display": "100"}, "missing_lines": [], "excluded_lines": [], "start_line": 37}, "InterfaceMapping": {"executed_lines": [], "summary": {"covered_lines": 0, "num_statements": 0, "percent_covered": 100.0, "percent_covered_display": "100", "missing_lines": 0, "excluded_lines": 0, "percent_statements_covered": 100.0, "percent_statements_covered_display": "100"}, "missing_lines": [], "excluded_lines": [], "start_line": 48}, "TestMapping": {"executed_lines": [], "summary": {"covered_lines": 0, "num_statements": 0, "percent_covered": 100.0, "percent_covered_display": "100", "missing_lines": 0, "excluded_lines": 0, "percent_statements_covered": 100.0, "percent_statements_covered_display": "100"}, "missing_lines": [], "excluded_lines": [], "start_line": 61}, "Exclusions": {"executed_lines": [], "summary": {"covered_lines": 0, "num_statements": 0, "percent_covered": 100.0, "percent_covered_display": "100", "missing_lines": 0, "excluded_lines": 0, "percent_statements_covered": 100.0, "percent_statements_covered_display": "100"}, "missing_lines": [], "excluded_lines": [], "start_line": 70}, "Manifest": {"executed_lines": [104, 106, 107, 112, 113, 114, 118, 119, 121, 122, 123, 124, 130, 131, 132, 133, 135, 136, 137, 140, 143, 144, 145, 146, 155, 156, 157, 158, 159, 160, 162, 165, 172, 173, 174, 186, 187, 188, 189, 196, 197, 202, 223, 224, 225, 226, 235, 238, 239, 240, 241, 244, 246, 247, 250, 251, 252, 253, 254, 258, 267, 268, 269, 270, 271, 273, 277, 289], "summary": {"covered_lines": 68, "num_statements": 79, "percent_covered": 86.07594936708861, "percent_covered_display": "86", "missing_lines": 11, "excluded_lines": 0, "percent_statements_covered": 86.07594936708861, "percent_statements_covered_display": "86"}, "missing_lines": [115, 116, 161, 163, 175, 255, 259, 260, 262, 263, 264], "excluded_lines": [], "start_line": 78}, "": {"executed_lines": [3, 4, 5, 7, 9, 12, 13, 16, 17, 18, 20, 21, 25, 26, 30, 31, 36, 37, 40, 41, 42, 43, 44, 47, 48, 51, 52, 53, 54, 55, 56, 57, 60, 61, 64, 65, 66, 69, 70, 73, 74, 77, 78, 81, 82, 83, 84, 85, 86, 87, 88, 90, 91, 126, 127, 213, 228, 275, 279], "summary": {"covered_lines": 59, "num_statements": 59, "percent_covered": 100.0, "percent_covered_display": "100", "missing_lines": 0, "excluded_lines": 0, "percent_statements_covered": 100.0, "percent_statements_covered_display": "100"}, "missing_lines": [], "excluded_lines": [], "start_line": 1}}}, "src/golden_thread/notion/__init__.py": {"executed_lines": [3, 4, 6], "summary": {"covered_lines": 3, "num_statements": 3, "percent_covered": 100.0, "percent_covered_display": "100", "missing_lines": 0, "excluded_lines": 0, "percent_statements_covered": 100.0, "percent_statements_covered_display": "100"}, "missing_lines": [], "excluded_lines": [], "functions": {"": {"executed_lines": [3, 4, 6], "summary": {"covered_lines": 3, "num_statements": 3, "percent_covered": 100.0, "percent_covered_display": "100", "missing_lines": 0, "excluded_lines": 0, "percent_statements_covered": 100.0, "percent_statements_covered_display": "100"}, "missing_lines": [], "excluded_lines": [], "start_line": 1}}, "classes": {"": {"executed_lines": [3, 4, 6], "summary": {"covered_lines": 3, "num_statements": 3, "percent_covered": 100.0, "percent_covered_display": "100", "missing_lines": 0, "excluded_lines": 0, "percent_statements_covered": 100.0, "percent_statements_covered_display": "100"}, "missing_lines": [], "excluded_lines": [], "start_line": 1}}}, "src/golden_thread/notion/client.py": {"executed_lines": [3, 4, 5, 6, 7, 8, 10, 12, 13, 16, 19, 26, 27, 28, 29, 32, 33, 36, 37, 38, 39, 40, 42, 44, 50, 52, 53, 55, 56, 58, 60, 62, 64, 66, 68, 78, 79, 81, 82, 83, 86, 87, 89, 90, 92, 93, 94, 100, 108, 109, 111, 112, 113, 114, 119, 136, 139, 140, 144, 146, 147, 148, 149, 151, 152, 153, 155, 156, 157, 158, 160, 163, 165, 166, 168, 169, 172, 173, 175, 177, 178, 179, 183, 184, 195, 196, 198, 212, 215, 216, 220, 222, 224, 225, 226, 228, 231, 232, 248, 250, 251, 252], "summary": {"covered_lines": 102, "num_statements": 125, "percent_covered": 81.6, "percent_covered_display": "82", "missing_lines": 23, "excluded_lines": 0, "percent_statements_covered": 81.6, "percent_statements_covered_display": "82"}, "missing_lines": [95, 97, 98, 115, 117, 141, 176, 187, 188, 190, 191, 192, 217, 234, 235, 236, 237, 238, 239, 240, 244, 245, 246], "excluded_lines": [], "functions": {"NotionClient.__init__": {"executed_lines": [26, 27, 28, 29, 32, 33, 36, 37, 38, 39, 40], "summary": {"covered_lines": 11, "num_statements": 11, "percent_covered": 100.0, "percent_covered_display": "100", "missing_lines": 0, "excluded_lines": 0, "percent_statements_covered": 100.0, "percent_statements_covered_display": "100"}, "missing_lines": [], "excluded_lines": [], "start_line": 19}, "NotionClient._get_headers": {"executed_lines": [44], "summary": {"covered_lines": 1, "num_statements": 1, "percent_covered": 100.0, "percent_covered_display": "100", "missing_lines": 0, "excluded_lines": 0, "percent_statements_covered": 100.0, "percent_statements_covered_display": "100"}, "missing_lines": [], "excluded_lines": [], "start_line": 42}, "NotionClient._rate_limit": {"executed_lines": [52, 53, 55, 56, 58], "summary": {"covered_lines": 5, "num_statements": 5, "percent_covered": 100.0, "percent_covered_display": "100", "missing_lines": 0, "excluded_lines": 0, "percent_statements_covered": 100.0, "percent_statements_covered_display": "100"}, "missing_lines": [], "excluded_lines": [], "start_line": 50}, "NotionClient._get_cache_key": {"executed_lines": [62], "summary": {"covered_lines": 1, "num_statements": 1, "percent_covered": 100.0, "percent_covered_display": "100", "missing_lines": 0, "excluded_lines": 0, "percent_statements_covered": 100.0, "percent_statements_covered_display": "100"}, "missing_lines": [], "excluded_lines": [], "start_line": 60}, "NotionClient._get_cache_path": {"executed_lines": [66], "summary": {"covered_lines": 1, "num_statements": 1, "percent_covered": 100.0, "percent_covered_display": "100", "missing_lines": 0, "excluded_lines": 0, "percent_statements_covered": 100.0, "percent_statements_covered_display": "100"}, "missing_lines": [], "excluded_lines": [], "start_line": 64}, "NotionClient._get_cached": {"executed_lines": [78, 79, 81, 82, 83, 86, 87, 89, 90, 92, 93, 94], "summary": {"covered_lines": 12, "num_statements": 15, "percent_covered": 80.0, "percent_covered_display": "80", "missing_lines": 3, "excluded_lines": 0, "percent_statements_covered": 80.0, "percent_statements_covered_display": "80"}, "missing_lines": [95, 97, 98], "excluded_lines": [], "start_line": 68}, "NotionClient._set_cached": {"executed_lines": [108, 109, 111, 112, 113, 114], "summary": {"covered_lines": 6, "num_statements": 8, "percent_covered": 75.0, "percent_covered_display": "75", "missing_lines": 2, "excluded_lines": 0, "percent_statements_covered": 75.0, "percent_statements_covered_display": "75"}, "missing_lines": [115, 117], "excluded_lines": [], "start_line": 100}, "NotionClient.search_database": {"executed_lines": [136, 139, 140, 144, 146, 147, 148, 149, 151, 152, 153, 155, 156, 157, 158, 160, 163, 165, 166, 168, 169, 172, 173, 175, 177, 178, 179, 183, 184, 195, 196], "summary": {"covered_lines": 31, "num_statements": 38, "percent_covered": 81.57894736842105, "percent_covered_display": "82", "missing_lines": 7, "excluded_lines": 0, "percent_statements_covered": 81.57894736842105, "percent_statements_covered_display": "82"}, "missing_lines": [141, 176, 187, 188, 190, 191, 192], "excluded_lines": [], "start_line": 119}, "NotionClient.get_page": {"executed_lines": [212, 215, 216, 220, 222, 224, 225, 226, 228, 231, 232], "summary": {"covered_lines": 11, "num_statements": 22, "percent_covered": 50.0, "percent_covered_display": "50", "missing_lines": 11, "excluded_lines": 0, "percent_statements_covered": 50.0, "percent_statements_covered_display": "50"}, "missing_lines": [217, 234, 235, 236, 237, 238, 239, 240, 244, 245, 246], "excluded_lines": [], "start_line": 198}, "NotionClient.clear_cache": {"executed_lines": [250, 251, 252], "summary": {"covered_lines": 3, "num_statements": 3, "percent_covered": 100.0, "percent_covered_display": "100", "missing_lines": 0, "excluded_lines": 0, "percent_statements_covered": 100.0, "percent_statements_covered_display": "100"}, "missing_lines": [], "excluded_lines": [], "start_line": 248}, "": {"executed_lines": [3, 4, 5, 6, 7, 8, 10, 12, 13, 16, 19, 42, 50, 60, 64, 68, 100, 119, 198, 248], "summary": {"covered_lines": 20, "num_statements": 20, "percent_covered": 100.0, "percent_covered_display": "100", "missing_lines": 0, "excluded_lines": 0, "percent_statements_covered": 100.0, "percent_statements_covered_display": "100"}, "missing_lines": [], "excluded_lines": [], "start_line": 1}}, "classes": {"NotionClient": {"executed_lines": [26, 27, 28, 29, 32, 33, 36, 37, 38, 39, 40, 44, 52, 53, 55, 56, 58, 62, 66, 78, 79, 81, 82, 83, 86, 87, 89, 90, 92, 93, 94, 108, 109, 111, 112, 113, 114, 136, 139, 140, 144, 146, 147, 148, 149, 151, 152, 153, 155, 156, 157, 158, 160, 163, 165, 166, 168, 169, 172, 173, 175, 177, 178, 179, 183, 184, 195, 196, 212, 215, 216, 220, 222, 224, 225, 226, 228, 231, 232, 250, 251, 252], "summary": {"covered_lines": 82, "num_statements": 105, "percent_covered": 78.0952380952381, "percent_covered_display": "78", "missing_lines": 23, "excluded_lines": 0, "percent_statements_covered": 78.0952380952381, "percent_statements_covered_display": "78"}, "missing_lines": [95, 97, 98, 115, 117, 141, 176, 187, 188, 190, 191, 192, 217, 234, 235, 236, 237, 238, 239, 240, 244, 245, 246], "excluded_lines": [], "start_line": 16}, "": {"executed_lines": [3, 4, 5, 6, 7, 8, 10, 12, 13, 16, 19, 42, 50, 60, 64, 68, 100, 119, 198, 248], "summary": {"covered_lines": 20, "num_statements": 20, "percent_covered": 100.0, "percent_covered_display": "100", "missing_lines": 0, "excluded_lines": 0, "percent_statements_covered": 100.0, "percent_statements_covered_display": "100"}, "missing_lines": [], "excluded_lines": [], "start_line": 1}}}, "src/golden_thread/notion/registry.py": {"executed_lines": [3, 4, 5, 7, 8, 11, 12, 15, 16, 17, 18, 19, 22, 26, 36, 44, 45, 47, 87, 107, 179, 189, 190, 191, 193, 194, 197, 199, 201, 202, 203, 204, 206, 248, 286], "summary": {"covered_lines": 35, "num_statements": 126, "percent_covered": 27.77777777777778, "percent_covered_display": "28", "missing_lines": 91, "excluded_lines": 0, "percent_statements_covered": 27.77777777777778, "percent_statements_covered_display": "28"}, "missing_lines": [60, 61, 62, 64, 65, 66, 73, 75, 76, 77, 79, 80, 82, 83, 85, 100, 101, 102, 104, 105, 120, 121, 124, 125, 126, 127, 130, 131, 134, 135, 138, 141, 142, 145, 146, 149, 150, 151, 152, 153, 154, 156, 157, 158, 161, 162, 163, 164, 165, 167, 168, 171, 172, 173, 177, 195, 217, 220, 227, 235, 242, 244, 259, 260, 262, 263, 264, 265, 267, 268, 269, 271, 272, 273, 275, 276, 278, 279, 281, 282, 284, 297, 300, 302, 304, 305, 306, 307, 311, 312, 314], "excluded_lines": [], "functions": {"NotionRegistry.__init__": {"executed_lines": [44, 45], "summary": {"covered_lines": 2, "num_statements": 2, "percent_covered": 100.0, "percent_covered_display": "100", "missing_lines": 0, "excluded_lines": 0, "percent_statements_covered": 100.0, "percent_statements_covered_display": "100"}, "missing_lines": [], "excluded_lines": [], "start_line": 36}, "NotionRegistry.get_entry": {"executed_lines": [], "summary": {"covered_lines": 0, "num_statements": 15, "percent_covered": 0.0, "percent_covered_display": "0", "missing_lines": 15, "excluded_lines": 0, "percent_statements_covered": 0.0, "percent_statements_covered_display": "0"}, "missing_lines": [60, 61, 62, 64, 65, 66, 73, 75, 76, 77, 79, 80, 82, 83, 85], "excluded_lines": [], "start_line": 47}, "NotionRegistry.get_entries_by_type": {"executed_lines": [], "summary": {"covered_lines": 0, "num_statements": 5, "percent_covered": 0.0, "percent_covered_display": "0", "missing_lines": 5, "excluded_lines": 0, "percent_statements_covered": 0.0, "percent_statements_covered_display": "0"}, "missing_lines": [100, 101, 102, 104, 105], "excluded_lines": [], "start_line": 87}, "NotionRegistry.validate_traceability_chain": {"executed_lines": [], "summary": {"covered_lines": 0, "num_statements": 35, "percent_covered": 0.0, "percent_covered_display": "0", "missing_lines": 35, "excluded_lines": 0, "percent_statements_covered": 0.0, "percent_statements_covered_display": "0"}, "missing_lines": [120, 121, 124, 125, 126, 127, 130, 131, 134, 135, 138, 141, 142, 145, 146, 149, 150, 151, 152, 153, 154, 156, 157, 158, 161, 162, 163, 164, 165, 167, 168, 171, 172, 173, 177], "excluded_lines": [], "start_line": 107}, "NotionRegistry.validate_id_format": {"executed_lines": [189, 190, 191, 193, 194, 197], "summary": {"covered_lines": 6, "num_statements": 7, "percent_covered": 85.71428571428571, "percent_covered_display": "86", "missing_lines": 1, "excluded_lines": 0, "percent_statements_covered": 85.71428571428571, "percent_statements_covered_display": "86"}, "missing_lines": [195], "excluded_lines": [], "start_line": 179}, "NotionRegistry._extract_id_type": {"executed_lines": [201, 202, 203, 204], "summary": {"covered_lines": 4, "num_statements": 4, "percent_covered": 100.0, "percent_covered_display": "100", "missing_lines": 0, "excluded_lines": 0, "percent_statements_covered": 100.0, "percent_statements_covered_display": "100"}, "missing_lines": [], "excluded_lines": [], "start_line": 199}, "NotionRegistry._parse_entry": {"executed_lines": [], "summary": {"covered_lines": 0, "num_statements": 6, "percent_covered": 0.0, "percent_covered_display": "0", "missing_lines": 6, "excluded_lines": 0, "percent_statements_covered": 0.0, "percent_statements_covered_display": "0"}, "missing_lines": [217, 220, 227, 235, 242, 244], "excluded_lines": [], "start_line": 206}, "NotionRegistry._extract_property": {"executed_lines": [], "summary": {"covered_lines": 0, "num_statements": 19, "percent_covered": 0.0, "percent_covered_display": "0", "missing_lines": 19, "excluded_lines": 0, "percent_statements_covered": 0.0, "percent_statements_covered_display": "0"}, "missing_lines": [259, 260, 262, 263, 264, 265, 267, 268, 269, 271, 272, 273, 275, 276, 278, 279, 281, 282, 284], "excluded_lines": [], "start_line": 248}, "NotionRegistry._extract_related_ids": {"executed_lines": [], "summary": {"covered_lines": 0, "num_statements": 10, "percent_covered": 0.0, "percent_covered_display": "0", "missing_lines": 10, "excluded_lines": 0, "percent_statements_covered": 0.0, "percent_statements_covered_display": "0"}, "missing_lines": [297, 300, 302, 304, 305, 306, 307, 311, 312, 314], "excluded_lines": [], "start_line": 286}, "": {"executed_lines": [3, 4, 5, 7, 8, 11, 12, 15, 16, 17, 18, 19, 22, 26, 36, 47, 87, 107, 179, 199, 206, 248, 286], "summary": {"covered_lines": 23, "num_statements": 23, "percent_covered": 100.0, "percent_covered_display": "100", "missing_lines": 0, "excluded_lines": 0, "percent_statements_covered": 100.0, "percent_statements_covered_display": "100"}, "missing_lines": [], "excluded_lines": [], "start_line": 1}}, "classes": {"RegistryEntry": {"executed_lines": [], "summary": {"covered_lines": 0, "num_statements": 0, "percent_covered": 100.0, "percent_covered_display": "100", "missing_lines": 0, "excluded_lines": 0, "percent_statements_covered": 100.0, "percent_statements_covered_display": "100"}, "missing_lines": [], "excluded_lines": [], "start_line": 12}, "NotionRegistry": {"executed_lines": [44, 45, 189, 190, 191, 193, 194, 197, 201, 202, 203, 204], "summary": {"covered_lines": 12, "num_statements": 103, "percent_covered": 11.650485436893204, "percent_covered_display": "12", "missing_lines": 91, "excluded_lines": 0, "percent_statements_covered": 11.650485436893204, "percent_statements_covered_display": "12"}, "missing_lines": [60, 61, 62, 64, 65, 66, 73, 75, 76, 77, 79, 80, 82, 83, 85, 100, 101, 102, 104, 105, 120, 121, 124, 125, 126, 127, 130, 131, 134, 135, 138, 141, 142, 145, 146, 149, 150, 151, 152, 153, 154, 156, 157, 158, 161, 162, 163, 164, 165, 167, 168, 171, 172, 173, 177, 195, 217, 220, 227, 235, 242, 244, 259, 260, 262, 263, 264, 265, 267, 268, 269, 271, 272, 273, 275, 276, 278, 279, 281, 282, 284, 297, 300, 302, 304, 305, 306, 307, 311, 312, 314], "excluded_lines": [], "start_line": 22}, "": {"executed_lines": [3, 4, 5, 7, 8, 11, 12, 15, 16, 17, 18, 19, 22, 26, 36, 47, 87, 107, 179, 199, 206, 248, 286], "summary": {"covered_lines": 23, "num_statements": 23, "percent_covered": 100.0, "percent_covered_display": "100", "missing_lines": 0, "excluded_lines": 0, "percent_statements_covered": 100.0, "percent_statements_covered_display": "100"}, "missing_lines": [], "excluded_lines": [], "start_line": 1}}}, "src/golden_thread/parsers/__init__.py": {"executed_lines": [3, 5], "summary": {"covered_lines": 2, "num_statements": 2, "percent_covered": 100.0, "percent_covered_display": "100", "missing_lines": 0, "excluded_lines": 0, "percent_statements_covered": 100.0, "percent_statements_covered_display": "100"}, "missing_lines": [], "excluded_lines": [], "functions": {"": {"executed_lines": [3, 5], "summary": {"covered_lines": 2, "num_statements": 2, "percent_covered": 100.0, "percent_covered_display": "100", "missing_lines": 0, "excluded_lines": 0, "percent_statements_covered": 100.0, "percent_statements_covered_display": "100"}, "missing_lines": [], "excluded_lines": [], "start_line": 1}}, "classes": {"": {"executed_lines": [3, 5], "summary": {"covered_lines": 2, "num_statements": 2, "percent_covered": 100.0, "percent_covered_display": "100", "missing_lines": 0, "excluded_lines": 0, "percent_statements_covered": 100.0, "percent_statements_covered_display": "100"}, "missing_lines": [], "excluded_lines": [], "start_line": 1}}}, "src/golden_thread/parsers/base.py": {"executed_lines": [3, 4, 5, 6, 7, 10, 11, 14, 15, 16, 17, 18, 19, 21, 22, 31, 32, 33, 36, 39, 47, 48, 49, 51, 52, 61, 62, 74, 75, 84, 91, 92, 94, 96, 97, 100, 102, 113, 114, 119, 121, 122, 125, 127, 137, 138, 140], "summary": {"covered_lines": 47, "num_statements": 55, "percent_covered": 85.45454545454545, "percent_covered_display": "85", "missing_lines": 8, "excluded_lines": 0, "percent_statements_covered": 85.45454545454545, "percent_statements_covered_display": "85"}, "missing_lines": [59, 72, 82, 115, 117, 123, 143, 153], "excluded_lines": [], "functions": {"CodeSymbol.qualified_path": {"executed_lines": [31, 32, 33], "summary": {"covered_lines": 3, "num_statements": 3, "percent_covered": 100.0, "percent_covered_display": "100", "missing_lines": 0, "excluded_lines": 0, "percent_statements_covered": 100.0, "percent_statements_covered_display": "100"}, "missing_lines": [], "excluded_lines": [], "start_line": 22}, "BaseParser.__init__": {"executed_lines": [47, 48, 49], "summary": {"covered_lines": 3, "num_statements": 3, "percent_covered": 100.0, "percent_covered_display": "100", "missing_lines": 0, "excluded_lines": 0, "percent_statements_covered": 100.0, "percent_statements_covered_display": "100"}, "missing_lines": [], "excluded_lines": [], "start_line": 39}, "BaseParser.parse": {"executed_lines": [], "summary": {"covered_lines": 0, "num_statements": 1, "percent_covered": 0.0, "percent_covered_display": "0", "missing_lines": 1, "excluded_lines": 0, "percent_statements_covered": 0.0, "percent_statements_covered_display": "0"}, "missing_lines": [59], "excluded_lines": [], "start_line": 52}, "BaseParser.parse_file": {"executed_lines": [], "summary": {"covered_lines": 0, "num_statements": 1, "percent_covered": 0.0, "percent_covered_display": "0", "missing_lines": 1, "excluded_lines": 0, "percent_statements_covered": 0.0, "percent_statements_covered_display": "0"}, "missing_lines": [72], "excluded_lines": [], "start_line": 62}, "BaseParser.get_file_extensions": {"executed_lines": [], "summary": {"covered_lines": 0, "num_statements": 1, "percent_covered": 0.0, "percent_covered_display": "0", "missing_lines": 1, "excluded_lines": 0, "percent_statements_covered": 0.0, "percent_statements_covered_display": "0"}, "missing_lines": [82], "excluded_lines": [], "start_line": 75}, "BaseParser.discover_files": {"executed_lines": [91, 92, 94, 96, 97, 100], "summary": {"covered_lines": 6, "num_statements": 6, "percent_covered": 100.0, "percent_covered_display": "100", "missing_lines": 0, "excluded_lines": 0, "percent_statements_covered": 100.0, "percent_statements_covered_display": "100"}, "missing_lines": [], "excluded_lines": [], "start_line": 84}, "BaseParser._should_ignore": {"executed_lines": [113, 114, 119, 121, 122, 125], "summary": {"covered_lines": 6, "num_statements": 9, "percent_covered": 66.66666666666667, "percent_covered_display": "67", "missing_lines": 3, "excluded_lines": 0, "percent_statements_covered": 66.66666666666667, "percent_statements_covered_display": "67"}, "missing_lines": [115, 117, 123], "excluded_lines": [], "start_line": 102}, "BaseParser._should_extract_symbol": {"executed_lines": [137, 138, 140], "summary": {"covered_lines": 3, "num_statements": 5, "percent_covered": 60.0, "percent_covered_display": "60", "missing_lines": 2, "excluded_lines": 0, "percent_statements_covered": 60.0, "percent_statements_covered_display": "60"}, "missing_lines": [143, 153], "excluded_lines": [], "start_line": 127}, "": {"executed_lines": [3, 4, 5, 6, 7, 10, 11, 14, 15, 16, 17, 18, 19, 21, 22, 36, 39, 51, 52, 61, 62, 74, 75, 84, 102, 127], "summary": {"covered_lines": 26, "num_statements": 26, "percent_covered": 100.0, "percent_covered_display": "100", "missing_lines": 0, "excluded_lines": 0, "percent_statements_covered": 100.0, "percent_statements_covered_display": "100"}, "missing_lines": [], "excluded_lines": [], "start_line": 1}}, "classes": {"CodeSymbol": {"executed_lines": [31, 32, 33], "summary": {"covered_lines": 3, "num_statements": 3, "percent_covered": 100.0, "percent_covered_display": "100", "missing_lines": 0, "excluded_lines": 0, "percent_statements_covered": 100.0, "percent_statements_covered_display": "100"}, "missing_lines": [], "excluded_lines": [], "start_line": 11}, "BaseParser": {"executed_lines": [47, 48, 49, 91, 92, 94, 96, 97, 100, 113, 114, 119, 121, 122, 125, 137, 138, 140], "summary": {"covered_lines": 18, "num_statements": 26, "percent_covered": 69.23076923076923, "percent_covered_display": "69", "missing_lines": 8, "excluded_lines": 0, "percent_statements_covered": 69.23076923076923, "percent_statements_covered_display": "69"}, "missing_lines": [59, 72, 82, 115, 117, 123, 143, 153], "excluded_lines": [], "start_line": 36}, "": {"executed_lines": [3, 4, 5, 6, 7, 10, 11, 14, 15, 16, 17, 18, 19, 21, 22, 36, 39, 51, 52, 61, 62, 74, 75, 84, 102, 127], "summary": {"covered_lines": 26, "num_statements": 26, "percent_covered": 100.0, "percent_covered_display": "100", "missing_lines": 0, "excluded_lines": 0, "percent_statements_covered": 100.0, "percent_statements_covered_display": "100"}, "missing_lines": [], "excluded_lines": [], "start_line": 1}}}, "src/golden_thread/parsers/go_parser.py": {"executed_lines": [], "summary": {"covered_lines": 0, "num_statements": 110, "percent_covered": 0.0, "percent_covered_display": "0", "missing_lines": 110, "excluded_lines": 0, "percent_statements_covered": 0.0, "percent_statements_covered_display": "0"}, "missing_lines": [3, 4, 6, 7, 10, 13, 15, 16, 17, 18, 20, 22, 23, 24, 27, 29, 30, 31, 33, 34, 35, 37, 39, 41, 43, 45, 47, 48, 50, 51, 52, 53, 55, 57, 59, 72, 73, 75, 76, 77, 78, 79, 81, 82, 83, 84, 86, 89, 90, 91, 92, 95, 96, 97, 98, 100, 102, 104, 105, 107, 108, 112, 113, 114, 115, 125, 127, 129, 130, 132, 133, 137, 138, 139, 140, 150, 152, 154, 155, 157, 158, 160, 161, 162, 163, 173, 175, 177, 178, 180, 181, 191, 194, 195, 196, 198, 199, 200, 201, 203, 205, 206, 208, 210, 211, 213, 216, 217, 218, 229], "excluded_lines": [], "functions": {"GoParser.__init__": {"executed_lines": [], "summary": {"covered_lines": 0, "num_statements": 4, "percent_covered": 0.0, "percent_covered_display": "0", "missing_lines": 4, "excluded_lines": 0, "percent_statements_covered": 0.0, "percent_statements_covered_display": "0"}, "missing_lines": [15, 16, 17, 18], "excluded_lines": [], "start_line": 13}, "GoParser._initialize_tree_sitter": {"executed_lines": [], "summary": {"covered_lines": 0, "num_statements": 10, "percent_covered": 0.0, "percent_covered_display": "0", "missing_lines": 10, "excluded_lines": 0, "percent_statements_covered": 0.0, "percent_statements_covered_display": "0"}, "missing_lines": [22, 23, 24, 27, 29, 30, 31, 33, 34, 35], "excluded_lines": [], "start_line": 20}, "GoParser.get_file_extensions": {"executed_lines": [], "summary": {"covered_lines": 0, "num_statements": 1, "percent_covered": 0.0, "percent_covered_display": "0", "missing_lines": 1, "excluded_lines": 0, "percent_statements_covered": 0.0, "percent_statements_covered_display": "0"}, "missing_lines": [39], "excluded_lines": [], "start_line": 37}, "GoParser.parse": {"executed_lines": [], "summary": {"covered_lines": 0, "num_statements": 10, "percent_covered": 0.0, "percent_covered_display": "0", "missing_lines": 10, "excluded_lines": 0, "percent_statements_covered": 0.0, "percent_statements_covered_display": "0"}, "missing_lines": [43, 45, 47, 48, 50, 51, 52, 53, 55, 57], "excluded_lines": [], "start_line": 41}, "GoParser.parse_file": {"executed_lines": [], "summary": {"covered_lines": 0, "num_statements": 21, "percent_covered": 0.0, "percent_covered_display": "0", "missing_lines": 21, "excluded_lines": 0, "percent_statements_covered": 0.0, "percent_statements_covered_display": "0"}, "missing_lines": [72, 73, 75, 76, 77, 78, 79, 81, 82, 83, 84, 86, 89, 90, 91, 92, 95, 96, 97, 98, 100], "excluded_lines": [], "start_line": 59}, "GoParser._extract_structs": {"executed_lines": [], "summary": {"covered_lines": 0, "num_statements": 9, "percent_covered": 0.0, "percent_covered_display": "0", "missing_lines": 9, "excluded_lines": 0, "percent_statements_covered": 0.0, "percent_statements_covered_display": "0"}, "missing_lines": [104, 105, 107, 108, 112, 113, 114, 115, 125], "excluded_lines": [], "start_line": 102}, "GoParser._extract_interfaces": {"executed_lines": [], "summary": {"covered_lines": 0, "num_statements": 9, "percent_covered": 0.0, "percent_covered_display": "0", "missing_lines": 9, "excluded_lines": 0, "percent_statements_covered": 0.0, "percent_statements_covered_display": "0"}, "missing_lines": [129, 130, 132, 133, 137, 138, 139, 140, 150], "excluded_lines": [], "start_line": 127}, "GoParser._extract_functions": {"executed_lines": [], "summary": {"covered_lines": 0, "num_statements": 9, "percent_covered": 0.0, "percent_covered_display": "0", "missing_lines": 9, "excluded_lines": 0, "percent_statements_covered": 0.0, "percent_statements_covered_display": "0"}, "missing_lines": [154, 155, 157, 158, 160, 161, 162, 163, 173], "excluded_lines": [], "start_line": 152}, "GoParser._extract_methods": {"executed_lines": [], "summary": {"covered_lines": 0, "num_statements": 23, "percent_covered": 0.0, "percent_covered_display": "0", "missing_lines": 23, "excluded_lines": 0, "percent_statements_covered": 0.0, "percent_statements_covered_display": "0"}, "missing_lines": [177, 178, 180, 181, 191, 194, 195, 196, 198, 199, 200, 201, 203, 205, 206, 208, 210, 211, 213, 216, 217, 218, 229], "excluded_lines": [], "start_line": 175}, "": {"executed_lines": [], "summary": {"covered_lines": 0, "num_statements": 14, "percent_covered": 0.0, "percent_covered_display": "0", "missing_lines": 14, "excluded_lines": 0, "percent_statements_covered": 0.0, "percent_statements_covered_display": "0"}, "missing_lines": [3, 4, 6, 7, 10, 13, 20, 37, 41, 59, 102, 127, 152, 175], "excluded_lines": [], "start_line": 1}}, "classes": {"GoParser": {"executed_lines": [], "summary": {"covered_lines": 0, "num_statements": 96, "percent_covered": 0.0, "percent_covered_display": "0", "missing_lines": 96, "excluded_lines": 0, "percent_statements_covered": 0.0, "percent_statements_covered_display": "0"}, "missing_lines": [15, 16, 17, 18, 22, 23, 24, 27, 29, 30, 31, 33, 34, 35, 39, 43, 45, 47, 48, 50, 51, 52, 53, 55, 57, 72, 73, 75, 76, 77, 78, 79, 81, 82, 83, 84, 86, 89, 90, 91, 92, 95, 96, 97, 98, 100, 104, 105, 107, 108, 112, 113, 114, 115, 125, 129, 130, 132, 133, 137, 138, 139, 140, 150, 154, 155, 157, 158, 160, 161, 162, 163, 173, 177, 178, 180, 181, 191, 194, 195, 196, 198, 199, 200, 201, 203, 205, 206, 208, 210, 211, 213, 216, 217, 218, 229], "excluded_lines": [], "start_line": 10}, "": {"executed_lines": [], "summary": {"covered_lines": 0, "num_statements": 14, "percent_covered": 0.0, "percent_covered_display": "0", "missing_lines": 14, "excluded_lines": 0, "percent_statements_covered": 0.0, "percent_statements_covered_display": "0"}, "missing_lines": [3, 4, 6, 7, 10, 13, 20, 37, 41, 59, 102, 127, 152, 175], "excluded_lines": [], "start_line": 1}}}, "src/golden_thread/parsers/python_parser.py": {"executed_lines": [3, 4, 5, 7, 8, 11, 14, 16, 18, 20, 21, 23, 24, 25, 26, 28, 30, 32, 45, 46, 47, 51, 52, 53, 54, 56, 59, 60, 65, 66, 68, 69, 80, 81, 82, 83, 95, 96, 97, 98, 108], "summary": {"covered_lines": 41, "num_statements": 45, "percent_covered": 91.11111111111111, "percent_covered_display": "91", "missing_lines": 4, "excluded_lines": 0, "percent_statements_covered": 91.11111111111111, "percent_statements_covered_display": "91"}, "missing_lines": [48, 49, 61, 62], "excluded_lines": [], "functions": {"PythonParser.get_file_extensions": {"executed_lines": [16], "summary": {"covered_lines": 1, "num_statements": 1, "percent_covered": 100.0, "percent_covered_display": "100", "missing_lines": 0, "excluded_lines": 0, "percent_statements_covered": 100.0, "percent_statements_covered_display": "100"}, "missing_lines": [], "excluded_lines": [], "start_line": 14}, "PythonParser.parse": {"executed_lines": [20, 21, 23, 24, 25, 26, 28, 30], "summary": {"covered_lines": 8, "num_statements": 8, "percent_covered": 100.0, "percent_covered_display": "100", "missing_lines": 0, "excluded_lines": 0, "percent_statements_covered": 100.0, "percent_statements_covered_display": "100"}, "missing_lines": [], "excluded_lines": [], "start_line": 18}, "PythonParser.parse_file": {"executed_lines": [45, 46, 47, 51, 52, 53, 54, 56, 59, 60, 65, 66, 68, 69, 80, 81, 82, 83, 95, 96, 97, 98, 108], "summary": {"covered_lines": 23, "num_statements": 27, "percent_covered": 85.18518518518519, "percent_covered_display": "85", "missing_lines": 4, "excluded_lines": 0, "percent_statements_covered": 85.18518518518519, "percent_statements_covered_display": "85"}, "missing_lines": [48, 49, 61, 62], "excluded_lines": [], "start_line": 32}, "": {"executed_lines": [3, 4, 5, 7, 8, 11, 14, 18, 32], "summary": {"covered_lines": 9, "num_statements": 9, "percent_covered": 100.0, "percent_covered_display": "100", "missing_lines": 0, "excluded_lines": 0, "percent_statements_covered": 100.0, "percent_statements_covered_display": "100"}, "missing_lines": [], "excluded_lines": [], "start_line": 1}}, "classes": {"PythonParser": {"executed_lines": [16, 20, 21, 23, 24, 25, 26, 28, 30, 45, 46, 47, 51, 52, 53, 54, 56, 59, 60, 65, 66, 68, 69, 80, 81, 82, 83, 95, 96, 97, 98, 108], "summary": {"covered_lines": 32, "num_statements": 36, "percent_covered": 88.88888888888889, "percent_covered_display": "89", "missing_lines": 4, "excluded_lines": 0, "percent_statements_covered": 88.88888888888889, "percent_statements_covered_display": "89"}, "missing_lines": [48, 49, 61, 62], "excluded_lines": [], "start_line": 11}, "": {"executed_lines": [3, 4, 5, 7, 8, 11, 14, 18, 32], "summary": {"covered_lines": 9, "num_statements": 9, "percent_covered": 100.0, "percent_covered_display": "100", "missing_lines": 0, "excluded_lines": 0, "percent_statements_covered": 100.0, "percent_statements_covered_display": "100"}, "missing_lines": [], "excluded_lines": [], "start_line": 1}}}, "src/golden_thread/parsers/typescript_parser.py": {"executed_lines": [], "summary": {"covered_lines": 0, "num_statements": 97, "percent_covered": 0.0, "percent_covered_display": "0", "missing_lines": 97, "excluded_lines": 0, "percent_statements_covered": 0.0, "percent_statements_covered_display": "0"}, "missing_lines": [3, 4, 6, 7, 10, 13, 15, 16, 17, 18, 20, 22, 23, 24, 27, 29, 30, 31, 33, 34, 35, 37, 39, 41, 43, 45, 47, 48, 50, 51, 52, 53, 55, 57, 59, 72, 73, 75, 76, 77, 78, 79, 81, 82, 83, 84, 86, 89, 90, 91, 92, 95, 96, 97, 98, 100, 102, 104, 105, 107, 108, 110, 111, 112, 113, 123, 125, 127, 128, 130, 131, 138, 139, 140, 141, 142, 152, 154, 156, 157, 159, 160, 162, 163, 164, 165, 175, 177, 179, 180, 182, 183, 185, 186, 187, 188, 198], "excluded_lines": [], "functions": {"TypeScriptParser.__init__": {"executed_lines": [], "summary": {"covered_lines": 0, "num_statements": 4, "percent_covered": 0.0, "percent_covered_display": "0", "missing_lines": 4, "excluded_lines": 0, "percent_statements_covered": 0.0, "percent_statements_covered_display": "0"}, "missing_lines": [15, 16, 17, 18], "excluded_lines": [], "start_line": 13}, "TypeScriptParser._initialize_tree_sitter": {"executed_lines": [], "summary": {"covered_lines": 0, "num_statements": 10, "percent_covered": 0.0, "percent_covered_display": "0", "missing_lines": 10, "excluded_lines": 0, "percent_statements_covered": 0.0, "percent_statements_covered_display": "0"}, "missing_lines": [22, 23, 24, 27, 29, 30, 31, 33, 34, 35], "excluded_lines": [], "start_line": 20}, "TypeScriptParser.get_file_extensions": {"executed_lines": [], "summary": {"covered_lines": 0, "num_statements": 1, "percent_covered": 0.0, "percent_covered_display": "0", "missing_lines": 1, "excluded_lines": 0, "percent_statements_covered": 0.0, "percent_statements_covered_display": "0"}, "missing_lines": [39], "excluded_lines": [], "start_line": 37}, "TypeScriptParser.parse": {"executed_lines": [], "summary": {"covered_lines": 0, "num_statements": 10, "percent_covered": 0.0, "percent_covered_display": "0", "missing_lines": 10, "excluded_lines": 0, "percent_statements_covered": 0.0, "percent_statements_covered_display": "0"}, "missing_lines": [43, 45, 47, 48, 50, 51, 52, 53, 55, 57], "excluded_lines": [], "start_line": 41}, "TypeScriptParser.parse_file": {"executed_lines": [], "summary": {"covered_lines": 0, "num_statements": 21, "percent_covered": 0.0, "percent_covered_display": "0", "missing_lines": 21, "excluded_lines": 0, "percent_statements_covered": 0.0, "percent_statements_covered_display": "0"}, "missing_lines": [72, 73, 75, 76, 77, 78, 79, 81, 82, 83, 84, 86, 89, 90, 91, 92, 95, 96, 97, 98, 100], "excluded_lines": [], "start_line": 59}, "TypeScriptParser._extract_classes": {"executed_lines": [], "summary": {"covered_lines": 0, "num_statements": 9, "percent_covered": 0.0, "percent_covered_display": "0", "missing_lines": 9, "excluded_lines": 0, "percent_statements_covered": 0.0, "percent_statements_covered_display": "0"}, "missing_lines": [104, 105, 107, 108, 110, 111, 112, 113, 123], "excluded_lines": [], "start_line": 102}, "TypeScriptParser._extract_functions": {"executed_lines": [], "summary": {"covered_lines": 0, "num_statements": 10, "percent_covered": 0.0, "percent_covered_display": "0", "missing_lines": 10, "excluded_lines": 0, "percent_statements_covered": 0.0, "percent_statements_covered_display": "0"}, "missing_lines": [127, 128, 130, 131, 138, 139, 140, 141, 142, 152], "excluded_lines": [], "start_line": 125}, "TypeScriptParser._extract_interfaces": {"executed_lines": [], "summary": {"covered_lines": 0, "num_statements": 9, "percent_covered": 0.0, "percent_covered_display": "0", "missing_lines": 9, "excluded_lines": 0, "percent_statements_covered": 0.0, "percent_statements_covered_display": "0"}, "missing_lines": [156, 157, 159, 160, 162, 163, 164, 165, 175], "excluded_lines": [], "start_line": 154}, "TypeScriptParser._extract_types": {"executed_lines": [], "summary": {"covered_lines": 0, "num_statements": 9, "percent_covered": 0.0, "percent_covered_display": "0", "missing_lines": 9, "excluded_lines": 0, "percent_statements_covered": 0.0, "percent_statements_covered_display": "0"}, "missing_lines": [179, 180, 182, 183, 185, 186, 187, 188, 198], "excluded_lines": [], "start_line": 177}, "": {"executed_lines": [], "summary": {"covered_lines": 0, "num_statements": 14, "percent_covered": 0.0, "percent_covered_display": "0", "missing_lines": 14, "excluded_lines": 0, "percent_statements_covered": 0.0, "percent_statements_covered_display": "0"}, "missing_lines": [3, 4, 6, 7, 10, 13, 20, 37, 41, 59, 102, 125, 154, 177], "excluded_lines": [], "start_line": 1}}, "classes": {"TypeScriptParser": {"executed_lines": [], "summary": {"covered_lines": 0, "num_statements": 83, "percent_covered": 0.0, "percent_covered_display": "0", "missing_lines": 83, "excluded_lines": 0, "percent_statements_covered": 0.0, "percent_statements_covered_display": "0"}, "missing_lines": [15, 16, 17, 18, 22, 23, 24, 27, 29, 30, 31, 33, 34, 35, 39, 43, 45, 47, 48, 50, 51, 52, 53, 55, 57, 72, 73, 75, 76, 77, 78, 79, 81, 82, 83, 84, 86, 89, 90, 91, 92, 95, 96, 97, 98, 100, 104, 105, 107, 108, 110, 111, 112, 113, 123, 127, 128, 130, 131, 138, 139, 140, 141, 142, 152, 156, 157, 159, 160, 162, 163, 164, 165, 175, 179, 180, 182, 183, 185, 186, 187, 188, 198], "excluded_lines": [], "start_line": 10}, "": {"executed_lines": [], "summary": {"covered_lines": 0, "num_statements": 14, "percent_covered": 0.0, "percent_covered_display": "0", "missing_lines": 14, "excluded_lines": 0, "percent_statements_covered": 0.0, "percent_statements_covered_display": "0"}, "missing_lines": [3, 4, 6, 7, 10, 13, 20, 37, 41, 59, 102, 125, 154, 177], "excluded_lines": [], "start_line": 1}}}, "src/golden_thread/reports/__init__.py": {"executed_lines": [], "summary": {"covered_lines": 0, "num_statements": 2, "percent_covered": 0.0, "percent_covered_display": "0", "missing_lines": 2, "excluded_lines": 0, "percent_statements_covered": 0.0, "percent_statements_covered_display": "0"}, "missing_lines": [3, 5], "excluded_lines": [], "functions": {"": {"executed_lines": [], "summary": {"covered_lines": 0, "num_statements": 2, "percent_covered": 0.0, "percent_covered_display": "0", "missing_lines": 2, "excluded_lines": 0, "percent_statements_covered": 0.0, "percent_statements_covered_display": "0"}, "missing_lines": [3, 5], "excluded_lines": [], "start_line": 1}}, "classes": {"": {"executed_lines": [], "summary": {"covered_lines": 0, "num_statements": 2, "percent_covered": 0.0, "percent_covered_display": "0", "missing_lines": 2, "excluded_lines": 0, "percent_statements_covered": 0.0, "percent_statements_covered_display": "0"}, "missing_lines": [3, 5], "excluded_lines": [], "start_line": 1}}}, "src/golden_thread/reports/json.py": {"executed_lines": [], "summary": {"covered_lines": 0, "num_statements": 14, "percent_covered": 0.0, "percent_covered_display": "0", "missing_lines": 14, "excluded_lines": 0, "percent_statements_covered": 0.0, "percent_statements_covered_display": "0"}, "missing_lines": [3, 4, 5, 6, 8, 11, 14, 21, 23, 34, 36, 60, 61, 63], "excluded_lines": [], "functions": {"JSONReporter.__init__": {"executed_lines": [], "summary": {"covered_lines": 0, "num_statements": 1, "percent_covered": 0.0, "percent_covered_display": "0", "missing_lines": 1, "excluded_lines": 0, "percent_statements_covered": 0.0, "percent_statements_covered_display": "0"}, "missing_lines": [21], "excluded_lines": [], "start_line": 14}, "JSONReporter.generate": {"executed_lines": [], "summary": {"covered_lines": 0, "num_statements": 5, "percent_covered": 0.0, "percent_covered_display": "0", "missing_lines": 5, "excluded_lines": 0, "percent_statements_covered": 0.0, "percent_statements_covered_display": "0"}, "missing_lines": [34, 36, 60, 61, 63], "excluded_lines": [], "start_line": 23}, "": {"executed_lines": [], "summary": {"covered_lines": 0, "num_statements": 8, "percent_covered": 0.0, "percent_covered_display": "0", "missing_lines": 8, "excluded_lines": 0, "percent_statements_covered": 0.0, "percent_statements_covered_display": "0"}, "missing_lines": [3, 4, 5, 6, 8, 11, 14, 23], "excluded_lines": [], "start_line": 1}}, "classes": {"JSONReporter": {"executed_lines": [], "summary": {"covered_lines": 0, "num_statements": 6, "percent_covered": 0.0, "percent_covered_display": "0", "missing_lines": 6, "excluded_lines": 0, "percent_statements_covered": 0.0, "percent_statements_covered_display": "0"}, "missing_lines": [21, 34, 36, 60, 61, 63], "excluded_lines": [], "start_line": 11}, "": {"executed_lines": [], "summary": {"covered_lines": 0, "num_statements": 8, "percent_covered": 0.0, "percent_covered_display": "0", "missing_lines": 8, "excluded_lines": 0, "percent_statements_covered": 0.0, "percent_statements_covered_display": "0"}, "missing_lines": [3, 4, 5, 6, 8, 11, 14, 23], "excluded_lines": [], "start_line": 1}}}, "src/golden_thread/validators/__init__.py": {"executed_lines": [3, 4, 5, 7], "summary": {"covered_lines": 4, "num_statements": 4, "percent_covered": 100.0, "percent_covered_display": "100", "missing_lines": 0, "excluded_lines": 0, "percent_statements_covered": 100.0, "percent_statements_covered_display": "100"}, "missing_lines": [], "excluded_lines": [], "functions": {"": {"executed_lines": [3, 4, 5, 7], "summary": {"covered_lines": 4, "num_statements": 4, "percent_covered": 100.0, "percent_covered_display": "100", "missing_lines": 0, "excluded_lines": 0, "percent_statements_covered": 100.0, "percent_statements_covered_display": "100"}, "missing_lines": [], "excluded_lines": [], "start_line": 1}}, "classes": {"": {"executed_lines": [3, 4, 5, 7], "summary": {"covered_lines": 4, "num_statements": 4, "percent_covered": 100.0, "percent_covered_display": "100", "missing_lines": 0, "excluded_lines": 0, "percent_statements_covered": 100.0, "percent_statements_covered_display": "100"}, "missing_lines": [], "excluded_lines": [], "start_line": 1}}}, "src/golden_thread/validators/consistency.py": {"executed_lines": [3, 4, 6, 7, 10, 11, 14, 15, 16, 19, 22, 33], "summary": {"covered_lines": 12, "num_statements": 43, "percent_covered": 27.906976744186046, "percent_covered_display": "28", "missing_lines": 31, "excluded_lines": 0, "percent_statements_covered": 27.906976744186046, "percent_statements_covered_display": "28"}, "missing_lines": [30, 31, 40, 41, 44, 47, 48, 50, 51, 58, 61, 62, 63, 64, 72, 73, 82, 83, 85, 86, 89, 91, 92, 94, 103, 105, 106, 108, 115, 116, 124], "excluded_lines": [], "functions": {"ConsistencyValidator.__init__": {"executed_lines": [], "summary": {"covered_lines": 0, "num_statements": 2, "percent_covered": 0.0, "percent_covered_display": "0", "missing_lines": 2, "excluded_lines": 0, "percent_statements_covered": 0.0, "percent_statements_covered_display": "0"}, "missing_lines": [30, 31], "excluded_lines": [], "start_line": 22}, "ConsistencyValidator.validate": {"executed_lines": [], "summary": {"covered_lines": 0, "num_statements": 29, "percent_covered": 0.0, "percent_covered_display": "0", "missing_lines": 29, "excluded_lines": 0, "percent_statements_covered": 0.0, "percent_statements_covered_display": "0"}, "missing_lines": [40, 41, 44, 47, 48, 50, 51, 58, 61, 62, 63, 64, 72, 73, 82, 83, 85, 86, 89, 91, 92, 94, 103, 105, 106, 108, 115, 116, 124], "excluded_lines": [], "start_line": 33}, "": {"executed_lines": [3, 4, 6, 7, 10, 11, 14, 15, 16, 19, 22, 33], "summary": {"covered_lines": 12, "num_statements": 12, "percent_covered": 100.0, "percent_covered_display": "100", "missing_lines": 0, "excluded_lines": 0, "percent_statements_covered": 100.0, "percent_statements_covered_display": "100"}, "missing_lines": [], "excluded_lines": [], "start_line": 1}}, "classes": {"ConsistencyResult": {"executed_lines": [], "summary": {"covered_lines": 0, "num_statements": 0, "percent_covered": 100.0, "percent_covered_display": "100", "missing_lines": 0, "excluded_lines": 0, "percent_statements_covered": 100.0, "percent_statements_covered_display": "100"}, "missing_lines": [], "excluded_lines": [], "start_line": 11}, "ConsistencyValidator": {"executed_lines": [], "summary": {"covered_lines": 0, "num_statements": 31, "percent_covered": 0.0, "percent_covered_display": "0", "missing_lines": 31, "excluded_lines": 0, "percent_statements_covered": 0.0, "percent_statements_covered_display": "0"}, "missing_lines": [30, 31, 40, 41, 44, 47, 48, 50, 51, 58, 61, 62, 63, 64, 72, 73, 82, 83, 85, 86, 89, 91, 92, 94, 103, 105, 106, 108, 115, 116, 124], "excluded_lines": [], "start_line": 19}, "": {"executed_lines": [3, 4, 6, 7, 10, 11, 14, 15, 16, 19, 22, 33], "summary": {"covered_lines": 12, "num_statements": 12, "percent_covered": 100.0, "percent_covered_display": "100", "missing_lines": 0, "excluded_lines": 0, "percent_statements_covered": 100.0, "percent_statements_covered_display": "100"}, "missing_lines": [], "excluded_lines": [], "start_line": 1}}}, "src/golden_thread/validators/coverage.py": {"executed_lines": [3, 4, 5, 7, 8, 11, 12, 15, 16, 17, 18, 19, 20, 23, 26, 34, 35, 36, 38, 45, 46, 47, 48, 51, 52, 53, 61, 63, 66, 68, 69, 70, 72, 73, 83, 86, 87, 88, 90, 92, 101, 112, 113, 116, 120, 121, 124, 127, 129, 140, 141, 144, 145, 148], "summary": {"covered_lines": 54, "num_statements": 57, "percent_covered": 94.73684210526316, "percent_covered_display": "95", "missing_lines": 3, "excluded_lines": 0, "percent_statements_covered": 94.73684210526316, "percent_statements_covered_display": "95"}, "missing_lines": [117, 125, 146], "excluded_lines": [], "functions": {"CoverageValidator.__init__": {"executed_lines": [34, 35, 36], "summary": {"covered_lines": 3, "num_statements": 3, "percent_covered": 100.0, "percent_covered_display": "100", "missing_lines": 0, "excluded_lines": 0, "percent_statements_covered": 100.0, "percent_statements_covered_display": "100"}, "missing_lines": [], "excluded_lines": [], "start_line": 26}, "CoverageValidator.validate": {"executed_lines": [45, 46, 47, 48, 51, 52, 53, 61, 63, 66, 68, 69, 70, 72, 73, 83, 86, 87, 88, 90, 92], "summary": {"covered_lines": 21, "num_statements": 21, "percent_covered": 100.0, "percent_covered_display": "100", "missing_lines": 0, "excluded_lines": 0, "percent_statements_covered": 100.0, "percent_statements_covered_display": "100"}, "missing_lines": [], "excluded_lines": [], "start_line": 38}, "CoverageValidator._should_check_symbol": {"executed_lines": [112, 113, 116, 120, 121, 124, 127], "summary": {"covered_lines": 7, "num_statements": 9, "percent_covered": 77.77777777777777, "percent_covered_display": "78", "missing_lines": 2, "excluded_lines": 0, "percent_statements_covered": 77.77777777777777, "percent_statements_covered_display": "78"}, "missing_lines": [117, 125], "excluded_lines": [], "start_line": 101}, "CoverageValidator._is_excluded": {"executed_lines": [140, 141, 144, 145, 148], "summary": {"covered_lines": 5, "num_statements": 6, "percent_covered": 83.33333333333333, "percent_covered_display": "83", "missing_lines": 1, "excluded_lines": 0, "percent_statements_covered": 83.33333333333333, "percent_statements_covered_display": "83"}, "missing_lines": [146], "excluded_lines": [], "start_line": 129}, "": {"executed_lines": [3, 4, 5, 7, 8, 11, 12, 15, 16, 17, 18, 19, 20, 23, 26, 38, 101, 129], "summary": {"covered_lines": 18, "num_statements": 18, "percent_covered": 100.0, "percent_covered_display": "100", "missing_lines": 0, "excluded_lines": 0, "percent_statements_covered": 100.0, "percent_statements_covered_display": "100"}, "missing_lines": [], "excluded_lines": [], "start_line": 1}}, "classes": {"CoverageResult": {"executed_lines": [], "summary": {"covered_lines": 0, "num_statements": 0, "percent_covered": 100.0, "percent_covered_display": "100", "missing_lines": 0, "excluded_lines": 0, "percent_statements_covered": 100.0, "percent_statements_covered_display": "100"}, "missing_lines": [], "excluded_lines": [], "start_line": 12}, "CoverageValidator": {"executed_lines": [34, 35, 36, 45, 46, 47, 48, 51, 52, 53, 61, 63, 66, 68, 69, 70, 72, 73, 83, 86, 87, 88, 90, 92, 112, 113, 116, 120, 121, 124, 127, 140, 141, 144, 145, 148], "summary": {"covered_lines": 36, "num_statements": 39, "percent_covered": 92.3076923076923, "percent_covered_display": "92", "missing_lines": 3, "excluded_lines": 0, "percent_statements_covered": 92.3076923076923, "percent_statements_covered_display": "92"}, "missing_lines": [117, 125, 146], "excluded_lines": [], "start_line": 23}, "": {"executed_lines": [3, 4, 5, 7, 8, 11, 12, 15, 16, 17, 18, 19, 20, 23, 26, 38, 101, 129], "summary": {"covered_lines": 18, "num_statements": 18, "percent_covered": 100.0, "percent_covered_display": "100", "missing_lines": 0, "excluded_lines": 0, "percent_statements_covered": 100.0, "percent_statements_covered_display": "100"}, "missing_lines": [], "excluded_lines": [], "start_line": 1}}}, "src/golden_thread/validators/orphans.py": {"executed_lines": [3, 4, 5, 6, 8, 9, 12, 13, 16, 17, 18, 21, 24, 32, 33, 35, 42, 43, 44, 47, 48, 51, 52, 53, 54, 64, 73, 74, 75, 78, 79, 80, 98, 102, 104, 106, 108, 110, 112, 114, 117, 121, 123, 133, 134, 136, 146], "summary": {"covered_lines": 47, "num_statements": 54, "percent_covered": 87.03703703703704, "percent_covered_display": "87", "missing_lines": 7, "excluded_lines": 0, "percent_statements_covered": 87.03703703703704, "percent_statements_covered_display": "87"}, "missing_lines": [89, 105, 107, 109, 115, 118, 119], "excluded_lines": [], "functions": {"OrphanValidator.__init__": {"executed_lines": [32, 33], "summary": {"covered_lines": 2, "num_statements": 2, "percent_covered": 100.0, "percent_covered_display": "100", "missing_lines": 0, "excluded_lines": 0, "percent_statements_covered": 100.0, "percent_statements_covered_display": "100"}, "missing_lines": [], "excluded_lines": [], "start_line": 24}, "OrphanValidator.detect_orphans": {"executed_lines": [42, 43, 44, 47, 48, 51, 52, 53, 54, 64, 73, 74, 75, 78, 79, 80, 98], "summary": {"covered_lines": 17, "num_statements": 18, "percent_covered": 94.44444444444444, "percent_covered_display": "94", "missing_lines": 1, "excluded_lines": 0, "percent_statements_covered": 94.44444444444444, "percent_statements_covered_display": "94"}, "missing_lines": [89], "excluded_lines": [], "start_line": 35}, "OrphanValidator._should_check_symbol": {"executed_lines": [104, 106, 108, 110], "summary": {"covered_lines": 4, "num_statements": 7, "percent_covered": 57.142857142857146, "percent_covered_display": "57", "missing_lines": 3, "excluded_lines": 0, "percent_statements_covered": 57.142857142857146, "percent_statements_covered_display": "57"}, "missing_lines": [105, 107, 109], "excluded_lines": [], "start_line": 102}, "OrphanValidator._is_excluded": {"executed_lines": [114, 117, 121], "summary": {"covered_lines": 3, "num_statements": 6, "percent_covered": 50.0, "percent_covered_display": "50", "missing_lines": 3, "excluded_lines": 0, "percent_statements_covered": 50.0, "percent_statements_covered_display": "50"}, "missing_lines": [115, 118, 119], "excluded_lines": [], "start_line": 112}, "OrphanValidator._find_similar_symbols": {"executed_lines": [133, 134], "summary": {"covered_lines": 2, "num_statements": 2, "percent_covered": 100.0, "percent_covered_display": "100", "missing_lines": 0, "excluded_lines": 0, "percent_statements_covered": 100.0, "percent_statements_covered_display": "100"}, "missing_lines": [], "excluded_lines": [], "start_line": 123}, "OrphanValidator._generate_manifest_snippet": {"executed_lines": [146], "summary": {"covered_lines": 1, "num_statements": 1, "percent_covered": 100.0, "percent_covered_display": "100", "missing_lines": 0, "excluded_lines": 0, "percent_statements_covered": 100.0, "percent_statements_covered_display": "100"}, "missing_lines": [], "excluded_lines": [], "start_line": 136}, "": {"executed_lines": [3, 4, 5, 6, 8, 9, 12, 13, 16, 17, 18, 21, 24, 35, 102, 112, 123, 136], "summary": {"covered_lines": 18, "num_statements": 18, "percent_covered": 100.0, "percent_covered_display": "100", "missing_lines": 0, "excluded_lines": 0, "percent_statements_covered": 100.0, "percent_statements_covered_display": "100"}, "missing_lines": [], "excluded_lines": [], "start_line": 1}}, "classes": {"OrphanResult": {"executed_lines": [], "summary": {"covered_lines": 0, "num_statements": 0, "percent_covered": 100.0, "percent_covered_display": "100", "missing_lines": 0, "excluded_lines": 0, "percent_statements_covered": 100.0, "percent_statements_covered_display": "100"}, "missing_lines": [], "excluded_lines": [], "start_line": 13}, "OrphanValidator": {"executed_lines": [32, 33, 42, 43, 44, 47, 48, 51, 52, 53, 54, 64, 73, 74, 75, 78, 79, 80, 98, 104, 106, 108, 110, 114, 117, 121, 133, 134, 146], "summary": {"covered_lines": 29, "num_statements": 36, "percent_covered": 80.55555555555556, "percent_covered_display": "81", "missing_lines": 7, "excluded_lines": 0, "percent_statements_covered": 80.55555555555556, "percent_statements_covered_display": "81"}, "missing_lines": [89, 105, 107, 109, 115, 118, 119], "excluded_lines": [], "start_line": 21}, "": {"executed_lines": [3, 4, 5, 6, 8, 9, 12, 13, 16, 17, 18, 21, 24, 35, 102, 112, 123, 136], "summary": {"covered_lines": 18, "num_statements": 18, "percent_covered": 100.0, "percent_covered_display": "100", "missing_lines": 0, "excluded_lines": 0, "percent_statements_covered": 100.0, "percent_statements_covered_display": "100"}, "missing_lines": [], "excluded_lines": [], "start_line": 1}}}}, "totals": {"covered_lines": 592, "num_statements": 1181, "percent_covered": 50.12701100762066, "percent_covered_display": "50", "missing_lines": 589, "excluded_lines": 0, "percent_statements_covered": 50.12701100762066, "percent_statements_covered_display": "50"}}